<?xml version="1.0" encoding="UTF-8"?>
<!-- Generated by org.testng.reporters.JUnitXMLReporter -->
<testsuite ignored="0" hostname="LAPTOP-JJ6NIKT4" failures="1" tests="1" name="Test1" time="28.356" errors="0" timestamp="2024-07-25T08:42:24 IST">
  <testcase classname="testCases.Tc002_Login_Account" name="verifylogin" time="15.95">
    <failure type="java.lang.AssertionError" message="login failled expected [true] but found [false]">
      <![CDATA[java.lang.AssertionError: login failled expected [true] but found [false]
at testCases.Tc002_Login_Account.verifylogin(Tc002_Login_Account.java:31)
at java.base/java.util.ArrayList.forEach(ArrayList.java:1511)
... Removed 37 stack frames]]>
    </failure>
  </testcase> <!-- verifylogin -->
</testsuite> <!-- Test1 -->
