<?xml version="1.0" encoding="UTF-8"?>
<testng-results ignored="0" total="1" passed="1" failed="0" skipped="0">
  <reporter-output>
  </reporter-output>
  <suite started-at="2024-07-25T08:37:33 IST" name="Suite" finished-at="2024-07-25T08:37:55 IST" duration-ms="22263">
    <groups>
    </groups>
    <test started-at="2024-07-25T08:37:33 IST" name="Test1" finished-at="2024-07-25T08:37:55 IST" duration-ms="22263">
      <class name="testCases.Tc002_Login_Account">
        <test-method is-config="true" signature="setup(java.lang.String,java.lang.String)[pri:0, instance:testCases.Tc002_Login_Account@117e0fe5]" started-at="2024-07-25T08:37:33 IST" name="setup" finished-at="2024-07-25T08:37:44 IST" duration-ms="10890" status="PASS">
          <params>
            <param index="0">
              <value>
                <![CDATA[Windows]]>
              </value>
            </param>
            <param index="1">
              <value>
                <![CDATA[edge]]>
              </value>
            </param>
          </params>
          <reporter-output>
          </reporter-output>
        </test-method> <!-- setup -->
        <test-method signature="verifylogin()[pri:0, instance:testCases.Tc002_Login_Account@117e0fe5]" started-at="2024-07-25T08:37:44 IST" name="verifylogin" finished-at="2024-07-25T08:37:54 IST" duration-ms="9626" status="PASS">
          <reporter-output>
          </reporter-output>
        </test-method> <!-- verifylogin -->
        <test-method is-config="true" signature="teardown()[pri:0, instance:testCases.Tc002_Login_Account@117e0fe5]" started-at="2024-07-25T08:37:54 IST" name="teardown" finished-at="2024-07-25T08:37:55 IST" duration-ms="1692" status="PASS">
          <reporter-output>
          </reporter-output>
        </test-method> <!-- teardown -->
      </class> <!-- testCases.Tc002_Login_Account -->
    </test> <!-- Test1 -->
  </suite> <!-- Suite -->
</testng-results>
